Thu Feb 19 23:25:01 CET 2015 : Serwer sieciowy Apache Derby - 10.10.1.3 - (1557168) uruchomiony i gotowy do zaakceptowania po³¹czeñ na porcie 1527 w {3} 
----------------------------------------------------------------
Thu Feb 19 23:25:01 CET 2015:
 Uruchamianie wersji The Apache Software Foundation - Apache Derby - 10.10.1.3 - (1557168) systemu Derby: instancja a816c00e-014b-a3f1-b353-00000cbda193
w katalogu bazy danych C:\Users\Tomasz\Documents\NetBeansProjects\zti\database\zti_db sun.misc.Launcher$AppClassLoader@1d44bcfa 

java.vendor=Oracle Corporation
java.runtime.version=1.8.0_20-b26
user.dir=C:\Program Files\Java\jdk1.8.0_20\db
os.name=Windows 7
os.arch=amd64
os.version=6.1
derby.system.home=C:\Users\Tomasz\Documents\NetBeansProjects\zti\database
Uruchomiono program ³aduj¹cy klasê bazy danych - derby.database.classpath=''
----------------------------------------------------------------
Thu Feb 19 23:25:10 CET 2015:
Wy³¹czanie instancji a816c00e-014b-a3f1-b353-00000cbda193
Thu Feb 19 23:25:10 CET 2015 Thread[DRDAConnThread_3,5,main] (DATABASE = zti_db), (DRDAID = {2}), Baza danych 'zti_db' zosta³a wy³¹czona.
----------------------------------------------------------------
Thu Feb 19 23:25:14 CET 2015:
 Uruchamianie wersji The Apache Software Foundation - Apache Derby - 10.10.1.3 - (1557168) systemu Derby: instancja ed8940a7-014b-a3f1-b353-00000cbda193
w katalogu bazy danych C:\Users\Tomasz\Documents\NetBeansProjects\zti\database\zti_db sun.misc.Launcher$AppClassLoader@1d44bcfa 

java.vendor=Oracle Corporation
java.runtime.version=1.8.0_20-b26
user.dir=C:\Program Files\Java\jdk1.8.0_20\db
os.name=Windows 7
os.arch=amd64
os.version=6.1
derby.system.home=C:\Users\Tomasz\Documents\NetBeansProjects\zti\database
Uruchomiono program ³aduj¹cy klasê bazy danych - derby.database.classpath=''
----------------------------------------------------------------
Fri Feb 20 00:08:37 CET 2015: Shutting down Derby engine
